<?xml version="1.0" encoding="UTF-8"?>
<!-- Generated by org.testng.reporters.JUnitXMLReporter -->
<testsuite hostname="GGN000190162001" ignored="0" name="Assignment" tests="12" failures="0" timestamp="15 Oct 2019 12:44:03 GMT" time="29.633" errors="0">
  <testcase name="checkHeaderTabCount" time="0.225" classname="functionalTestCases.HomePageTests"/>
  <testcase name="testContentForJobs" time="1.794" classname="functionalTestCases.HomePageTests"/>
  <testcase name="testContentForJobs" time="0.343" classname="functionalTestCases.HomePageTests"/>
  <testcase name="testContentForJobs" time="0.337" classname="functionalTestCases.HomePageTests"/>
  <testcase name="testContentForJobs" time="0.114" classname="functionalTestCases.HomePageTests"/>
  <testcase name="testContentForJobs" time="0.079" classname="functionalTestCases.HomePageTests"/>
  <testcase name="testHeader" time="0.069" classname="functionalTestCases.HomePageTests"/>
  <testcase name="testHeader" time="0.074" classname="functionalTestCases.HomePageTests"/>
  <testcase name="testHeader" time="0.094" classname="functionalTestCases.HomePageTests"/>
  <testcase name="testHeader" time="0.097" classname="functionalTestCases.HomePageTests"/>
  <testcase name="testHeader" time="0.104" classname="functionalTestCases.HomePageTests"/>
  <testcase name="testLogoURL" time="0.09" classname="functionalTestCases.HomePageTests"/>
</testsuite> <!-- Assignment -->
