<?xml version="1.0" encoding="UTF-8"?>
<!-- Generated by org.testng.reporters.JUnitXMLReporter -->
<testsuite ignored="0" hostname="Karan-Pc" failures="0" tests="12" name="Default test" time="53.354" errors="0" timestamp="15 Oct 2019 14:43:11 GMT">
  <testcase classname="functionalTestCases.HomePageTests" name="checkHeaderTabCount" time="0.294"/>
  <testcase classname="functionalTestCases.HomePageTests" name="testContentForJobs" time="1.286"/>
  <testcase classname="functionalTestCases.HomePageTests" name="testContentForJobs" time="0.225"/>
  <testcase classname="functionalTestCases.HomePageTests" name="testContentForJobs" time="0.229"/>
  <testcase classname="functionalTestCases.HomePageTests" name="testContentForJobs" time="0.041"/>
  <testcase classname="functionalTestCases.HomePageTests" name="testContentForJobs" time="0.036"/>
  <testcase classname="functionalTestCases.HomePageTests" name="testHeader" time="0.035"/>
  <testcase classname="functionalTestCases.HomePageTests" name="testHeader" time="0.032"/>
  <testcase classname="functionalTestCases.HomePageTests" name="testHeader" time="0.101"/>
  <testcase classname="functionalTestCases.HomePageTests" name="testHeader" time="0.044"/>
  <testcase classname="functionalTestCases.HomePageTests" name="testHeader" time="0.033"/>
  <testcase classname="functionalTestCases.HomePageTests" name="testLogoURL" time="0.045"/>
</testsuite> <!-- Default test -->
