<?xml version="1.0" encoding="UTF-8"?>
<testng-results ignored="0" total="12" passed="12" failed="0" skipped="0">
  <reporter-output>
  </reporter-output>
  <suite started-at="2019-10-15T14:42:18Z" name="Default suite" finished-at="2019-10-15T14:43:11Z" duration-ms="53354">
    <groups>
    </groups>
    <test started-at="2019-10-15T14:42:18Z" name="Default test" finished-at="2019-10-15T14:43:11Z" duration-ms="53354">
      <class name="functionalTestCases.HomePageTests">
        <test-method is-config="true" signature="launchBrowser()[pri:0, instance:functionalTestCases.HomePageTests@a4add54]" started-at="2019-10-15T14:42:18Z" name="launchBrowser" finished-at="2019-10-15T14:42:57Z" duration-ms="39809" status="PASS">
          <reporter-output>
          </reporter-output>
        </test-method> <!-- launchBrowser -->
        <test-method signature="checkHeaderTabCount()[pri:0, instance:functionalTestCases.HomePageTests@a4add54]" started-at="2019-10-15T14:42:57Z" name="checkHeaderTabCount" finished-at="2019-10-15T14:42:58Z" duration-ms="294" status="PASS">
          <reporter-output>
          </reporter-output>
        </test-method> <!-- checkHeaderTabCount -->
        <test-method signature="testContentForJobs(java.lang.String)[pri:0, instance:functionalTestCases.HomePageTests@a4add54]" started-at="2019-10-15T14:42:58Z" name="testContentForJobs" data-provider="tabs" finished-at="2019-10-15T14:42:59Z" duration-ms="1286" status="PASS">
          <params>
            <param index="0">
              <value>
                <![CDATA[JOBS]]>
              </value>
            </param>
          </params>
          <reporter-output>
          </reporter-output>
        </test-method> <!-- testContentForJobs -->
        <test-method signature="testContentForJobs(java.lang.String)[pri:0, instance:functionalTestCases.HomePageTests@a4add54]" started-at="2019-10-15T14:42:59Z" name="testContentForJobs" data-provider="tabs" finished-at="2019-10-15T14:42:59Z" duration-ms="225" status="PASS">
          <params>
            <param index="0">
              <value>
                <![CDATA[TEFL]]>
              </value>
            </param>
          </params>
          <reporter-output>
          </reporter-output>
        </test-method> <!-- testContentForJobs -->
        <test-method signature="testContentForJobs(java.lang.String)[pri:0, instance:functionalTestCases.HomePageTests@a4add54]" started-at="2019-10-15T14:42:59Z" name="testContentForJobs" data-provider="tabs" finished-at="2019-10-15T14:42:59Z" duration-ms="229" status="PASS">
          <params>
            <param index="0">
              <value>
                <![CDATA[TEACHER CERTIFICATION]]>
              </value>
            </param>
          </params>
          <reporter-output>
          </reporter-output>
        </test-method> <!-- testContentForJobs -->
        <test-method signature="testContentForJobs(java.lang.String)[pri:0, instance:functionalTestCases.HomePageTests@a4add54]" started-at="2019-10-15T14:42:59Z" name="testContentForJobs" data-provider="tabs" finished-at="2019-10-15T14:43:00Z" duration-ms="41" status="PASS">
          <params>
            <param index="0">
              <value>
                <![CDATA[COURSES]]>
              </value>
            </param>
          </params>
          <reporter-output>
          </reporter-output>
        </test-method> <!-- testContentForJobs -->
        <test-method signature="testContentForJobs(java.lang.String)[pri:0, instance:functionalTestCases.HomePageTests@a4add54]" started-at="2019-10-15T14:43:00Z" name="testContentForJobs" data-provider="tabs" finished-at="2019-10-15T14:43:00Z" duration-ms="36" status="PASS">
          <params>
            <param index="0">
              <value>
                <![CDATA[HIRE TEACHERS]]>
              </value>
            </param>
          </params>
          <reporter-output>
          </reporter-output>
        </test-method> <!-- testContentForJobs -->
        <test-method signature="testHeader(java.lang.String)[pri:0, instance:functionalTestCases.HomePageTests@a4add54]" started-at="2019-10-15T14:43:00Z" name="testHeader" data-provider="tabs" finished-at="2019-10-15T14:43:00Z" duration-ms="35" status="PASS">
          <params>
            <param index="0">
              <value>
                <![CDATA[JOBS]]>
              </value>
            </param>
          </params>
          <reporter-output>
          </reporter-output>
        </test-method> <!-- testHeader -->
        <test-method signature="testHeader(java.lang.String)[pri:0, instance:functionalTestCases.HomePageTests@a4add54]" started-at="2019-10-15T14:43:00Z" name="testHeader" data-provider="tabs" finished-at="2019-10-15T14:43:00Z" duration-ms="32" status="PASS">
          <params>
            <param index="0">
              <value>
                <![CDATA[TEFL]]>
              </value>
            </param>
          </params>
          <reporter-output>
          </reporter-output>
        </test-method> <!-- testHeader -->
        <test-method signature="testHeader(java.lang.String)[pri:0, instance:functionalTestCases.HomePageTests@a4add54]" started-at="2019-10-15T14:43:00Z" name="testHeader" data-provider="tabs" finished-at="2019-10-15T14:43:00Z" duration-ms="101" status="PASS">
          <params>
            <param index="0">
              <value>
                <![CDATA[TEACHER CERTIFICATION]]>
              </value>
            </param>
          </params>
          <reporter-output>
          </reporter-output>
        </test-method> <!-- testHeader -->
        <test-method signature="testHeader(java.lang.String)[pri:0, instance:functionalTestCases.HomePageTests@a4add54]" started-at="2019-10-15T14:43:00Z" name="testHeader" data-provider="tabs" finished-at="2019-10-15T14:43:00Z" duration-ms="44" status="PASS">
          <params>
            <param index="0">
              <value>
                <![CDATA[COURSES]]>
              </value>
            </param>
          </params>
          <reporter-output>
          </reporter-output>
        </test-method> <!-- testHeader -->
        <test-method signature="testHeader(java.lang.String)[pri:0, instance:functionalTestCases.HomePageTests@a4add54]" started-at="2019-10-15T14:43:00Z" name="testHeader" data-provider="tabs" finished-at="2019-10-15T14:43:00Z" duration-ms="33" status="PASS">
          <params>
            <param index="0">
              <value>
                <![CDATA[HIRE TEACHERS]]>
              </value>
            </param>
          </params>
          <reporter-output>
          </reporter-output>
        </test-method> <!-- testHeader -->
        <test-method signature="testLogoURL()[pri:0, instance:functionalTestCases.HomePageTests@a4add54]" started-at="2019-10-15T14:43:00Z" name="testLogoURL" finished-at="2019-10-15T14:43:00Z" duration-ms="45" status="PASS">
          <reporter-output>
          </reporter-output>
        </test-method> <!-- testLogoURL -->
        <test-method is-config="true" signature="closeBrowser()[pri:0, instance:functionalTestCases.HomePageTests@a4add54]" started-at="2019-10-15T14:43:00Z" name="closeBrowser" finished-at="2019-10-15T14:43:11Z" duration-ms="11080" status="PASS">
          <reporter-output>
          </reporter-output>
        </test-method> <!-- closeBrowser -->
      </class> <!-- functionalTestCases.HomePageTests -->
    </test> <!-- Default test -->
  </suite> <!-- Default suite -->
</testng-results>
